Job id                    Name             User            Time Use S Queue
------------------------- ---------------- --------------- -------- - -----
8053.bg-sjarvis1          ...hR_apical_sim sjarvis1               0 R neurobatch     
8054.bg-sjarvis1          ...hR_apical_sim sjarvis1               0 R neurobatch     
8055.bg-sjarvis1          ...hR_apical_sim sjarvis1               0 R neurobatch     
8056.bg-sjarvis1          ...hR_apical_sim sjarvis1               0 R neurobatch     
8057.bg-sjarvis1          ...hR_apical_sim sjarvis1               0 R neurobatch     
8058.bg-sjarvis1          ...hR_apical_sim sjarvis1               0 R neurobatch     
8059.bg-sjarvis1          ...hR_apical_sim sjarvis1               0 R neurobatch     
8060.bg-sjarvis1          ...hR_apical_sim sjarvis1               0 Q neurobatch     
8061.bg-sjarvis1          ...hR_apical_sim sjarvis1               0 Q neurobatch     
8062.bg-sjarvis1          ...hR_apical_sim sjarvis1               0 Q neurobatch     
8063.bg-sjarvis1          ...hR_apical_sim sjarvis1               0 Q neurobatch     
8064.bg-sjarvis1          ...hR_apical_sim sjarvis1               0 Q neurobatch     
8065.bg-sjarvis1          ...hR_apical_sim sjarvis1               0 Q neurobatch     
8066.bg-sjarvis1          ...ChR_whole_sim sjarvis1               0 Q neurobatch     
8067.bg-sjarvis1          ...ChR_whole_sim sjarvis1               0 Q neurobatch     
8068.bg-sjarvis1          ...ChR_whole_sim sjarvis1               0 Q neurobatch     
8069.bg-sjarvis1          ...ChR_whole_sim sjarvis1               0 Q neurobatch     
8070.bg-sjarvis1          ...ChR_whole_sim sjarvis1               0 Q neurobatch     
8071.bg-sjarvis1          ...ChR_whole_sim sjarvis1               0 Q neurobatch     
8072.bg-sjarvis1          ...ChR_whole_sim sjarvis1               0 Q neurobatch     
8073.bg-sjarvis1          ...ChR_whole_sim sjarvis1               0 Q neurobatch     
8074.bg-sjarvis1          ...ChR_whole_sim sjarvis1               0 Q neurobatch     
8075.bg-sjarvis1          ...ChR_whole_sim sjarvis1               0 Q neurobatch     
8076.bg-sjarvis1          ...ChR_whole_sim sjarvis1               0 Q neurobatch     
8077.bg-sjarvis1          ...ChR_whole_sim sjarvis1               0 Q neurobatch     
8078.bg-sjarvis1          ...ChR_whole_sim sjarvis1               0 Q neurobatch     
8079.bg-sjarvis1          ...ChR_whole_sim sjarvis1               0 Q neurobatch     
8080.bg-sjarvis1          ...ChR_whole_sim sjarvis1               0 Q neurobatch     
8081.bg-sjarvis1          ...ChR_whole_sim sjarvis1               0 Q neurobatch     
8082.bg-sjarvis1          ...ChR_whole_sim sjarvis1               0 Q neurobatch     
8083.bg-sjarvis1          ...ChR_whole_sim sjarvis1               0 Q neurobatch     
8084.bg-sjarvis1          ...ChR_whole_sim sjarvis1               0 Q neurobatch     
8085.bg-sjarvis1          ...ChR_whole_sim sjarvis1               0 Q neurobatch     
8086.bg-sjarvis1          ..._ChR_none_sim sjarvis1               0 Q neurobatch     
8087.bg-sjarvis1          ..._ChR_none_sim sjarvis1               0 Q neurobatch     
8088.bg-sjarvis1          ..._ChR_none_sim sjarvis1               0 Q neurobatch     
8089.bg-sjarvis1          ..._ChR_none_sim sjarvis1               0 Q neurobatch     
8090.bg-sjarvis1          ..._ChR_none_sim sjarvis1               0 Q neurobatch     
8091.bg-sjarvis1          ..._ChR_none_sim sjarvis1               0 Q neurobatch     
8092.bg-sjarvis1          ..._ChR_none_sim sjarvis1               0 Q neurobatch     
8093.bg-sjarvis1          ..._ChR_none_sim sjarvis1               0 Q neurobatch     
8094.bg-sjarvis1          ..._ChR_none_sim sjarvis1               0 Q neurobatch     
8095.bg-sjarvis1          ..._ChR_none_sim sjarvis1               0 Q neurobatch     
8096.bg-sjarvis1          ..._ChR_none_sim sjarvis1               0 Q neurobatch     
8097.bg-sjarvis1          ..._ChR_none_sim sjarvis1               0 Q neurobatch     
8098.bg-sjarvis1          ..._ChR_none_sim sjarvis1               0 Q neurobatch     
8099.bg-sjarvis1          ..._ChR_none_sim sjarvis1               0 Q neurobatch     
8100.bg-sjarvis1          ..._ChR_none_sim sjarvis1               0 Q neurobatch     
8101.bg-sjarvis1          ..._ChR_none_sim sjarvis1               0 Q neurobatch     
8102.bg-sjarvis1          ..._ChR_none_sim sjarvis1               0 Q neurobatch     
8103.bg-sjarvis1          ..._ChR_none_sim sjarvis1               0 Q neurobatch     
8104.bg-sjarvis1          ..._ChR_none_sim sjarvis1               0 Q neurobatch     
8105.bg-sjarvis1          ..._ChR_none_sim sjarvis1               0 Q neurobatch     
8106.bg-sjarvis1          ..._ChR_none_sim sjarvis1               0 Q neurobatch     
8107.bg-sjarvis1          ..._ChR_none_sim sjarvis1               0 Q neurobatch     
8108.bg-sjarvis1          ..._ChR_none_sim sjarvis1               0 Q neurobatch     
8109.bg-sjarvis1          ..._ChR_none_sim sjarvis1               0 Q neurobatch     
8110.bg-sjarvis1          ..._ChR_none_sim sjarvis1               0 Q neurobatch     
8111.bg-sjarvis1          ..._ChR_none_sim sjarvis1               0 Q neurobatch     
8112.bg-sjarvis1          ..._ChR_none_sim sjarvis1               0 Q neurobatch     
8113.bg-sjarvis1          ..._ChR_none_sim sjarvis1               0 Q neurobatch     
8114.bg-sjarvis1          ..._ChR_none_sim sjarvis1               0 Q neurobatch     
8115.bg-sjarvis1          ..._ChR_none_sim sjarvis1               0 Q neurobatch     
8116.bg-sjarvis1          ..._ChR_none_sim sjarvis1               0 Q neurobatch     
8117.bg-sjarvis1          ..._ChR_none_sim sjarvis1               0 Q neurobatch     
8118.bg-sjarvis1          ..._ChR_none_sim sjarvis1               0 Q neurobatch     
8119.bg-sjarvis1          ..._ChR_none_sim sjarvis1               0 Q neurobatch     
8120.bg-sjarvis1          ..._ChR_none_sim sjarvis1               0 Q neurobatch     
8121.bg-sjarvis1          ..._ChR_none_sim sjarvis1               0 Q neurobatch     
8122.bg-sjarvis1          ..._ChR_none_sim sjarvis1               0 Q neurobatch     
8123.bg-sjarvis1          ..._ChR_none_sim sjarvis1               0 Q neurobatch     
8124.bg-sjarvis1          ..._ChR_none_sim sjarvis1               0 Q neurobatch     
8125.bg-sjarvis1          ..._ChR_none_sim sjarvis1               0 Q neurobatch     
8126.bg-sjarvis1          ...hR_apical_sim sjarvis1               0 Q neurobatch     
8127.bg-sjarvis1          ...hR_apical_sim sjarvis1               0 Q neurobatch     
8128.bg-sjarvis1          ...hR_apical_sim sjarvis1               0 Q neurobatch     
8129.bg-sjarvis1          ...hR_apical_sim sjarvis1               0 Q neurobatch     
8130.bg-sjarvis1          ...hR_apical_sim sjarvis1               0 Q neurobatch     
8131.bg-sjarvis1          ...hR_apical_sim sjarvis1               0 Q neurobatch     
8132.bg-sjarvis1          ...hR_apical_sim sjarvis1               0 Q neurobatch     
8133.bg-sjarvis1          ...hR_apical_sim sjarvis1               0 Q neurobatch     
8134.bg-sjarvis1          ...hR_apical_sim sjarvis1               0 Q neurobatch     
8135.bg-sjarvis1          ...hR_apical_sim sjarvis1               0 Q neurobatch     
8136.bg-sjarvis1          ...hR_apical_sim sjarvis1               0 Q neurobatch     
8137.bg-sjarvis1          ...hR_apical_sim sjarvis1               0 Q neurobatch     
8138.bg-sjarvis1          ...hR_apical_sim sjarvis1               0 Q neurobatch     
8139.bg-sjarvis1          ...hR_apical_sim sjarvis1               0 Q neurobatch     
8140.bg-sjarvis1          ...hR_apical_sim sjarvis1               0 Q neurobatch     
8141.bg-sjarvis1          ...hR_apical_sim sjarvis1               0 Q neurobatch     
8142.bg-sjarvis1          ...hR_apical_sim sjarvis1               0 Q neurobatch     
8143.bg-sjarvis1          ...hR_apical_sim sjarvis1               0 Q neurobatch     
8144.bg-sjarvis1          ...hR_apical_sim sjarvis1               0 Q neurobatch     
8145.bg-sjarvis1          ...hR_apical_sim sjarvis1               0 Q neurobatch     
8146.bg-sjarvis1          ...ChR_whole_sim sjarvis1               0 Q neurobatch     
8147.bg-sjarvis1          ...ChR_whole_sim sjarvis1               0 Q neurobatch     
8148.bg-sjarvis1          ...ChR_whole_sim sjarvis1               0 Q neurobatch     
8149.bg-sjarvis1          ...ChR_whole_sim sjarvis1               0 Q neurobatch     
8150.bg-sjarvis1          ...ChR_whole_sim sjarvis1               0 Q neurobatch     
8151.bg-sjarvis1          ...ChR_whole_sim sjarvis1               0 Q neurobatch     
8152.bg-sjarvis1          ...ChR_whole_sim sjarvis1               0 Q neurobatch     
8153.bg-sjarvis1          ...ChR_whole_sim sjarvis1               0 Q neurobatch     
8154.bg-sjarvis1          ...ChR_whole_sim sjarvis1               0 Q neurobatch     
8155.bg-sjarvis1          ...ChR_whole_sim sjarvis1               0 Q neurobatch     
8156.bg-sjarvis1          ...ChR_whole_sim sjarvis1               0 Q neurobatch     
8157.bg-sjarvis1          ...ChR_whole_sim sjarvis1               0 Q neurobatch     
8158.bg-sjarvis1          ...ChR_whole_sim sjarvis1               0 Q neurobatch     
8159.bg-sjarvis1          ...ChR_whole_sim sjarvis1               0 Q neurobatch     
8160.bg-sjarvis1          ...ChR_whole_sim sjarvis1               0 Q neurobatch     
8161.bg-sjarvis1          ...ChR_whole_sim sjarvis1               0 Q neurobatch     
8162.bg-sjarvis1          ...ChR_whole_sim sjarvis1               0 Q neurobatch     
8163.bg-sjarvis1          ...ChR_whole_sim sjarvis1               0 Q neurobatch     
8164.bg-sjarvis1          ...ChR_whole_sim sjarvis1               0 Q neurobatch     
8165.bg-sjarvis1          ...ChR_whole_sim sjarvis1               0 Q neurobatch     
8166.bg-sjarvis1          ..._ChR_none_sim sjarvis1               0 Q neurobatch     
8167.bg-sjarvis1          ..._ChR_none_sim sjarvis1               0 Q neurobatch     
8168.bg-sjarvis1          ..._ChR_none_sim sjarvis1               0 Q neurobatch     
8169.bg-sjarvis1          ..._ChR_none_sim sjarvis1               0 Q neurobatch     
8170.bg-sjarvis1          ..._ChR_none_sim sjarvis1               0 Q neurobatch     
8171.bg-sjarvis1          ..._ChR_none_sim sjarvis1               0 Q neurobatch     
8172.bg-sjarvis1          ..._ChR_none_sim sjarvis1               0 Q neurobatch     
8173.bg-sjarvis1          ..._ChR_none_sim sjarvis1               0 Q neurobatch     
8174.bg-sjarvis1          ..._ChR_none_sim sjarvis1               0 Q neurobatch     
8175.bg-sjarvis1          ..._ChR_none_sim sjarvis1               0 Q neurobatch     
8176.bg-sjarvis1          ..._ChR_none_sim sjarvis1               0 Q neurobatch     
8177.bg-sjarvis1          ..._ChR_none_sim sjarvis1               0 Q neurobatch     
8178.bg-sjarvis1          ..._ChR_none_sim sjarvis1               0 Q neurobatch     
8179.bg-sjarvis1          ..._ChR_none_sim sjarvis1               0 Q neurobatch     
8180.bg-sjarvis1          ..._ChR_none_sim sjarvis1               0 Q neurobatch     
8181.bg-sjarvis1          ..._ChR_none_sim sjarvis1               0 Q neurobatch     
8182.bg-sjarvis1          ..._ChR_none_sim sjarvis1               0 Q neurobatch     
8183.bg-sjarvis1          ..._ChR_none_sim sjarvis1               0 Q neurobatch     
8184.bg-sjarvis1          ..._ChR_none_sim sjarvis1               0 Q neurobatch     
8185.bg-sjarvis1          ..._ChR_none_sim sjarvis1               0 Q neurobatch     
